<?xml version="1.0" encoding="UTF-8"?>
<!-- Generated by org.testng.reporters.JUnitXMLReporter -->
<testsuite hostname="ragavboom-PC" name="Test" tests="7" failures="0" timestamp="23 Jun 2020 03:29:49 GMT" time="0.123" errors="0">
  <testcase name="test2" time="0.043" classname="org.read.Execution"/>
  <testcase name="test1" time="0.032" classname="org.read.A"/>
  <testcase name="test3" time="0.002" classname="org.read.Execution"/>
  <testcase name="test4" time="0.002" classname="org.read.Execution"/>
  <testcase name="test5" time="0.002" classname="org.read.Execution"/>
  <testcase name="test3" time="0.002" classname="org.read.A"/>
  <testcase name="test4" time="0.002" classname="org.read.A"/>
</testsuite> <!-- Test -->
